<?xml version="1.0" encoding="UTF-8"?>
<testng-results ignored="0" total="1" passed="1" failed="0" skipped="0">
  <reporter-output>
  </reporter-output>
  <suite started-at="2024-02-29T22:50:14 IST" name="Suite" finished-at="2024-02-29T22:50:20 IST" duration-ms="6148">
    <groups>
    </groups>
    <test started-at="2024-02-29T22:50:14 IST" name="Test" finished-at="2024-02-29T22:50:20 IST" duration-ms="6148">
      <class name="mytest1.Program1">
        <test-method is-config="true" signature="setUp()[pri:0, instance:mytest1.Program1@3d51f06e]" started-at="2024-02-29T22:50:14 IST" name="setUp" finished-at="2024-02-29T22:50:20 IST" duration-ms="5481" status="PASS">
          <reporter-output>
          </reporter-output>
        </test-method> <!-- setUp -->
        <test-method signature="Login()[pri:0, instance:mytest1.Program1@3d51f06e]" started-at="2024-02-29T22:50:20 IST" name="Login" finished-at="2024-02-29T22:50:20 IST" duration-ms="443" status="PASS">
          <reporter-output>
          </reporter-output>
        </test-method> <!-- Login -->
        <test-method is-config="true" signature="terminate()[pri:0, instance:mytest1.Program1@3d51f06e]" started-at="2024-02-29T22:50:20 IST" name="terminate" finished-at="2024-02-29T22:50:20 IST" duration-ms="175" status="PASS">
          <reporter-output>
          </reporter-output>
        </test-method> <!-- terminate -->
      </class> <!-- mytest1.Program1 -->
    </test> <!-- Test -->
  </suite> <!-- Suite -->
</testng-results>
